<?xml version="1.0" encoding="UTF-8"?>
<coverage generated="1722570758632" clover="3.2.0">
  <project timestamp="1722570758632" name="All files">
    <metrics statements="4" coveredstatements="4" conditionals="6" coveredconditionals="5" methods="1" coveredmethods="1" elements="11" coveredelements="10" complexity="0" loc="4" ncloc="4" packages="1" files="1" classes="1"/>
    <file name="tanstack-reactTable-utils.ts" path="/Users/young-woo/Desktop/Project/donga-cms-fe/src/lib/tanstack-reactTable-utils/tanstack-reactTable-utils.ts">
      <metrics statements="4" coveredstatements="4" conditionals="6" coveredconditionals="5" methods="1" coveredmethods="1"/>
      <line num="1" count="1" type="stmt"/>
      <line num="3" count="1" type="stmt"/>
      <line num="4" count="8" type="stmt"/>
      <line num="6" count="8" type="cond" truecount="5" falsecount="1"/>
    </file>
  </project>
</coverage>
