{"/Users/young-woo/Desktop/Project/donga-cms-fe/src/lib/tanstack-reactTable-utils/tanstack-reactTable-utils.ts": {"path":"/Users/young-woo/Desktop/Project/donga-cms-fe/src/lib/tanstack-reactTable-utils/tanstack-reactTable-utils.ts","statementMap":{"0":{"start":{"line":1,"column":26},"end":{"line":1,"column":39}},"1":{"start":{"line":3,"column":25},"end":{"line":9,"column":1}},"2":{"start":{"line":4,"column":16},"end":{"line":4,"column":46}},"3":{"start":{"line":6,"column":2},"end":{"line":8,"column":11}},"4":{"start":{"line":3,"column":13},"end":{"line":3,"column":25}}},"fnMap":{"0":{"name":"(anonymous_0)","decl":{"start":{"line":3,"column":25},"end":{"line":3,"column":26}},"loc":{"start":{"line":3,"column":43},"end":{"line":9,"column":1}}}},"branchMap":{"0":{"loc":{"start":{"line":6,"column":9},"end":{"line":8,"column":10}},"type":"cond-expr","locations":[{"start":{"line":7,"column":6},"end":{"line":7,"column":14}},{"start":{"line":8,"column":6},"end":{"line":8,"column":10}}]},"1":{"loc":{"start":{"line":6,"column":9},"end":{"line":6,"column":19}},"type":"cond-expr","locations":[{"start":{"line":6,"column":14},"end":{"line":6,"column":17}},{"start":{"line":6,"column":9},"end":{"line":6,"column":19}}]},"2":{"loc":{"start":{"line":6,"column":9},"end":{"line":6,"column":17}},"type":"binary-expr","locations":[{"start":{"line":6,"column":9},"end":{"line":6,"column":17}},{"start":{"line":6,"column":9},"end":{"line":6,"column":17}}]}},"s":{"0":1,"1":1,"2":8,"3":8,"4":1},"f":{"0":8},"b":{"0":[7,1],"1":[0,8],"2":[8,8]}}
}
